# JRE version: OpenJDK Runtime Environment (17.0.10) (build 17.0.10+0--11572160)
# Java VM: OpenJDK 64-Bit Server VM (17.0.10+0--11572160, mixed mode, tiered, compressed oops, compressed class ptrs, g1 gc, windows-amd64)
GC Precious Log:
 CPUs: 12 total, 12 available
 Memory: 32514M
 Large Page Support: Disabled
 NUMA Support: Disabled
 Compressed Oops: Enabled (32-bit)
 Heap Region Size: 1M
 Heap Min Capacity: 8M
 Heap Initial Capacity: 510M
 Heap Max Capacity: 2G
 Pre-touch: Disabled
 Parallel Workers: 10
 Concurrent Workers: 3
 Concurrent Refinement Workers: 10
 Periodic GC: Disabled
Heap:
 garbage-first heap   total 527360K, used 158826K [0x0000000080000000, 0x0000000100000000)
  region size 1024K, 5 young (5120K), 5 survivors (5120K)
 Metaspace       used 113215K, committed 113984K, reserved 1179648K
  class space    used 15384K, committed 15744K, reserved 1048576K
GC Heap History (20 events):
Event: 6344.848 GC heap after
{Heap after GC invocations=44 (full 0):
 garbage-first heap   total 282624K, used 76549K [0x0000000080000000, 0x0000000100000000)
  region size 1024K, 2 young (2048K), 2 survivors (2048K)
 Metaspace       used 83287K, committed 83840K, reserved 1179648K
  class space    used 11101K, committed 11328K, reserved 1048576K
}
Event: 6345.838 GC heap before
{Heap before GC invocations=44 (full 0):
 garbage-first heap   total 282624K, used 165637K [0x0000000080000000, 0x0000000100000000)
  region size 1024K, 91 young (93184K), 2 survivors (2048K)
 Metaspace       used 88476K, committed 89024K, reserved 1179648K
  class space    used 11805K, committed 12032K, reserved 1048576K
}
Event: 6345.843 GC heap after
{Heap after GC invocations=45 (full 0):
 garbage-first heap   total 282624K, used 83345K [0x0000000080000000, 0x0000000100000000)
  region size 1024K, 8 young (8192K), 8 survivors (8192K)
 Metaspace       used 88476K, committed 89024K, reserved 1179648K
  class space    used 11805K, committed 12032K, reserved 1048576K
}
Event: 6347.137 GC heap before
{Heap before GC invocations=46 (full 0):
 garbage-first heap   total 282624K, used 220561K [0x0000000080000000, 0x0000000100000000)
  region size 1024K, 141 young (144384K), 8 survivors (8192K)
 Metaspace       used 98804K, committed 99392K, reserved 1179648K
  class space    used 13489K, committed 13760K, reserved 1048576K
}
Event: 6347.143 GC heap after
{Heap after GC invocations=47 (full 0):
 garbage-first heap   total 282624K, used 89407K [0x0000000080000000, 0x0000000100000000)
  region size 1024K, 14 young (14336K), 14 survivors (14336K)
 Metaspace       used 98804K, committed 99392K, reserved 1179648K
  class space    used 13489K, committed 13760K, reserved 1048576K
}
Event: 6347.159 GC heap before
{Heap before GC invocations=47 (full 0):
 garbage-first heap   total 282624K, used 89407K [0x0000000080000000, 0x0000000100000000)
  region size 1024K, 15 young (15360K), 14 survivors (14336K)
 Metaspace       used 98894K, committed 99456K, reserved 1179648K
  class space    used 13501K, committed 13760K, reserved 1048576K
}
Event: 6347.164 GC heap after
{Heap after GC invocations=48 (full 0):
 garbage-first heap   total 282624K, used 90695K [0x0000000080000000, 0x0000000100000000)
  region size 1024K, 2 young (2048K), 2 survivors (2048K)
 Metaspace       used 98894K, committed 99456K, reserved 1179648K
  class space    used 13501K, committed 13760K, reserved 1048576K
}
Event: 6348.043 GC heap before
{Heap before GC invocations=48 (full 0):
 garbage-first heap   total 282624K, used 171591K [0x0000000080000000, 0x0000000100000000)
  region size 1024K, 83 young (84992K), 2 survivors (2048K)
 Metaspace       used 105375K, committed 106048K, reserved 1179648K
  class space    used 14384K, committed 14656K, reserved 1048576K
}
Event: 6348.047 GC heap after
{Heap after GC invocations=49 (full 0):
 garbage-first heap   total 282624K, used 96640K [0x0000000080000000, 0x0000000100000000)
  region size 1024K, 8 young (8192K), 8 survivors (8192K)
 Metaspace       used 105375K, committed 106048K, reserved 1179648K
  class space    used 14384K, committed 14656K, reserved 1048576K
}
Event: 6349.200 GC heap before
{Heap before GC invocations=50 (full 0):
 garbage-first heap   total 282624K, used 231808K [0x0000000080000000, 0x0000000100000000)
  region size 1024K, 136 young (139264K), 8 survivors (8192K)
 Metaspace       used 109567K, committed 110400K, reserved 1179648K
  class space    used 15014K, committed 15424K, reserved 1048576K
}
Event: 6349.209 GC heap after
{Heap after GC invocations=51 (full 0):
 garbage-first heap   total 282624K, used 106780K [0x0000000080000000, 0x0000000100000000)
  region size 1024K, 17 young (17408K), 17 survivors (17408K)
 Metaspace       used 109567K, committed 110400K, reserved 1179648K
  class space    used 15014K, committed 15424K, reserved 1048576K
}
Event: 6349.212 GC heap before
{Heap before GC invocations=51 (full 0):
 garbage-first heap   total 282624K, used 107804K [0x0000000080000000, 0x0000000100000000)
  region size 1024K, 18 young (18432K), 17 survivors (17408K)
 Metaspace       used 109594K, committed 110400K, reserved 1179648K
  class space    used 15018K, committed 15424K, reserved 1048576K
}
Event: 6349.219 GC heap after
{Heap after GC invocations=52 (full 0):
 garbage-first heap   total 282624K, used 108815K [0x0000000080000000, 0x0000000100000000)
  region size 1024K, 3 young (3072K), 3 survivors (3072K)
 Metaspace       used 109594K, committed 110400K, reserved 1179648K
  class space    used 15018K, committed 15424K, reserved 1048576K
}
Event: 6351.763 GC heap before
{Heap before GC invocations=52 (full 0):
 garbage-first heap   total 282624K, used 199951K [0x0000000080000000, 0x0000000100000000)
  region size 1024K, 94 young (96256K), 3 survivors (3072K)
 Metaspace       used 112611K, committed 113408K, reserved 1179648K
  class space    used 15341K, committed 15744K, reserved 1048576K
}
Event: 6351.770 GC heap after
{Heap after GC invocations=53 (full 0):
 garbage-first heap   total 282624K, used 126848K [0x0000000080000000, 0x0000000100000000)
  region size 1024K, 15 young (15360K), 15 survivors (15360K)
 Metaspace       used 112611K, committed 113408K, reserved 1179648K
  class space    used 15341K, committed 15744K, reserved 1048576K
}
Event: 6352.903 GC heap before
{Heap before GC invocations=54 (full 0):
 garbage-first heap   total 282624K, used 236416K [0x0000000080000000, 0x0000000100000000)
  region size 1024K, 106 young (108544K), 15 survivors (15360K)
 Metaspace       used 113209K, committed 113920K, reserved 1179648K
  class space    used 15384K, committed 15744K, reserved 1048576K
}
Event: 6352.917 GC heap after
{Heap after GC invocations=55 (full 0):
 garbage-first heap   total 282624K, used 153472K [0x0000000080000000, 0x0000000100000000)
  region size 1024K, 14 young (14336K), 14 survivors (14336K)
 Metaspace       used 113209K, committed 113920K, reserved 1179648K
  class space    used 15384K, committed 15744K, reserved 1048576K
}
Event: 6352.922 GC heap before
{Heap before GC invocations=55 (full 0):
 garbage-first heap   total 282624K, used 154496K [0x0000000080000000, 0x0000000100000000)
  region size 1024K, 15 young (15360K), 14 survivors (14336K)
 Metaspace       used 113209K, committed 113984K, reserved 1179648K
  class space    used 15384K, committed 15744K, reserved 1048576K
}
Event: 6352.929 GC heap after
{Heap after GC invocations=56 (full 0):
 garbage-first heap   total 282624K, used 156295K [0x0000000080000000, 0x0000000100000000)
  region size 1024K, 2 young (2048K), 2 survivors (2048K)
 Metaspace       used 113209K, committed 113984K, reserved 1179648K
  class space    used 15384K, committed 15744K, reserved 1048576K
}
Event: 6352.949 GC heap before
{Heap before GC invocations=56 (full 0):
 garbage-first heap   total 282624K, used 160391K [0x0000000080000000, 0x0000000100000000)
  region size 1024K, 7 young (7168K), 2 survivors (2048K)
 Metaspace       used 113215K, committed 113984K, reserved 1179648K
  class space    used 15384K, committed 15744K, reserved 1048576K
}

